<?xml version="1.0" encoding="UTF-8"?>
<!-- Generated by org.testng.reporters.JUnitReportReporter -->
<testsuite hostname="LGDN14463" failures="0" tests="2" name="testCase.TC_JOOMLA_BANNERS_010_VerifyThatUserCanCheckInABanner" time="55.066" errors="0" timestamp="27 Feb 2018 02:57:47 GMT" skipped="0">
  <testcase classname="testCase.TC_JOOMLA_BANNERS_010_VerifyThatUserCanCheckInABanner" name="Login1" time="25.967"/>
  <testcase classname="testCase.TC_JOOMLA_BANNERS_010_VerifyThatUserCanCheckInABanner" name="Login" time="29.099"/>
</testsuite> <!-- testCase.TC_JOOMLA_BANNERS_010_VerifyThatUserCanCheckInABanner -->
