<?xml version="1.0" encoding="UTF-8"?>
<!-- Generated by org.testng.reporters.JUnitReportReporter -->
<testsuite hostname="LGDN14463" failures="0" tests="1" name="testCase.TC_JOOMLA_BANNERS_007_VerifyThatUserCanBrowseBannerHelpPage" time="15.205" errors="0" timestamp="28 Feb 2018 03:01:22 GMT" skipped="0">
  <testcase classname="testCase.TC_JOOMLA_BANNERS_007_VerifyThatUserCanBrowseBannerHelpPage" name="Login" time="15.205"/>
</testsuite> <!-- testCase.TC_JOOMLA_BANNERS_007_VerifyThatUserCanBrowseBannerHelpPage -->
