<?xml version="1.0" encoding="UTF-8"?>
<!-- Generated by org.testng.reporters.JUnitReportReporter -->
<testsuite hostname="LGDN14463" failures="0" tests="1" name="testCase.TC_JOOMLA_BANNERS_002_VerifyThatUserCanEditABanner" time="34.427" errors="0" timestamp="26 Feb 2018 07:38:08 GMT" skipped="0">
  <testcase classname="testCase.TC_JOOMLA_BANNERS_002_VerifyThatUserCanEditABanner" name="Login" time="34.427"/>
</testsuite> <!-- testCase.TC_JOOMLA_BANNERS_002_VerifyThatUserCanEditABanner -->
