<?xml version="1.0" encoding="UTF-8"?>
<!-- Generated by org.testng.reporters.JUnitReportReporter -->
<testsuite hostname="LGDN14463" failures="0" tests="1" name="testCase.TC_JOOMLA_BANNERS_001_VerifyThatUserCanCreateNewBanner" time="35.868" errors="0" timestamp="07 Mar 2018 01:51:44 GMT" skipped="0">
  <testcase classname="testCase.TC_JOOMLA_BANNERS_001_VerifyThatUserCanCreateNewBanner" name="Login" time="35.868"/>
</testsuite> <!-- testCase.TC_JOOMLA_BANNERS_001_VerifyThatUserCanCreateNewBanner -->
