<?xml version="1.0" encoding="UTF-8"?>
<!-- Generated by org.testng.reporters.JUnitReportReporter -->
<testsuite hostname="LGDN14463" failures="0" tests="1" name="testCase.TC_JOOMLA_ARTICLE_011_VerifyUserCanSortTheArticleTableByIDColumn" time="30.833" errors="0" timestamp="07 Mar 2018 03:34:33 GMT" skipped="0">
  <testcase classname="testCase.TC_JOOMLA_ARTICLE_011_VerifyUserCanSortTheArticleTableByIDColumn" name="Login" time="30.833"/>
</testsuite> <!-- testCase.TC_JOOMLA_ARTICLE_011_VerifyUserCanSortTheArticleTableByIDColumn -->
