<?xml version="1.0" encoding="UTF-8"?>
<!-- Generated by org.testng.reporters.JUnitReportReporter -->
<testsuite hostname="LGDN14463" failures="0" tests="1" name="testCase.TC_JOOMLA_BANNERS_015_VerifyThatUserCanChangeTheQuantityOfItemsDisplayedInBannerTable" time="25.540" errors="0" timestamp="08 Mar 2018 02:56:28 GMT" skipped="0">
  <testcase classname="testCase.TC_JOOMLA_BANNERS_015_VerifyThatUserCanChangeTheQuantityOfItemsDisplayedInBannerTable" name="Login" time="25.540"/>
</testsuite> <!-- testCase.TC_JOOMLA_BANNERS_015_VerifyThatUserCanChangeTheQuantityOfItemsDisplayedInBannerTable -->
