<?xml version="1.0" encoding="UTF-8"?>
<!-- Generated by org.testng.reporters.JUnitReportReporter -->
<testsuite hostname="LGDN14463" failures="0" tests="1" name="testCase.TC_JOOMLA_ARTICLE_014_VerifyusercanChangeTheOrderOofArticlesUsingTheOrderingColumn" time="40.118" errors="0" timestamp="28 Feb 2018 09:08:29 GMT" skipped="0">
  <testcase classname="testCase.TC_JOOMLA_ARTICLE_014_VerifyusercanChangeTheOrderOofArticlesUsingTheOrderingColumn" name="Login" time="40.118"/>
</testsuite> <!-- testCase.TC_JOOMLA_ARTICLE_014_VerifyusercanChangeTheOrderOofArticlesUsingTheOrderingColumn -->
