<?xml version="1.0" encoding="UTF-8"?>
<!-- Generated by org.testng.reporters.JUnitReportReporter -->
<testsuite hostname="LGDN14463" failures="0" tests="1" name="testCase.TC_JOOMLA_BANNERS_004_VerifyThatUserCanUnpublishABanner" time="32.798" errors="0" timestamp="26 Feb 2018 07:40:01 GMT" skipped="0">
  <testcase classname="testCase.TC_JOOMLA_BANNERS_004_VerifyThatUserCanUnpublishABanner" name="Login" time="32.798"/>
</testsuite> <!-- testCase.TC_JOOMLA_BANNERS_004_VerifyThatUserCanUnpublishABanner -->
