<?xml version="1.0" encoding="UTF-8"?>
<!-- Generated by org.testng.reporters.JUnitReportReporter -->
<testsuite hostname="LGDN14463" failures="0" tests="1" name="testCase.TC_JOOMLA_ARTICLE_016_VerifyUseCanChangeTheFeaturePropertyOfArticlesUsingTheFeaturedColumn" time="26.534" errors="0" timestamp="08 Feb 2018 09:21:38 GMT" skipped="0">
  <testcase classname="testCase.TC_JOOMLA_ARTICLE_016_VerifyUseCanChangeTheFeaturePropertyOfArticlesUsingTheFeaturedColumn" name="Login" time="26.534"/>
</testsuite> <!-- testCase.TC_JOOMLA_ARTICLE_016_VerifyUseCanChangeTheFeaturePropertyOfArticlesUsingTheFeaturedColumn -->
