<?xml version="1.0" encoding="UTF-8"?>
<!-- Generated by org.testng.reporters.JUnitReportReporter -->
<testsuite hostname="LGDN14463" failures="0" tests="1" name="testCase.TC_JOOMLA_ARTICLE_013_VerifyUserCanAddImageToArticleContent" time="18.844" errors="0" timestamp="07 Mar 2018 04:03:11 GMT" skipped="0">
  <testcase classname="testCase.TC_JOOMLA_ARTICLE_013_VerifyUserCanAddImageToArticleContent" name="Login" time="18.844"/>
</testsuite> <!-- testCase.TC_JOOMLA_ARTICLE_013_VerifyUserCanAddImageToArticleContent -->
