<?xml version="1.0" encoding="UTF-8"?>
<!-- Generated by org.testng.reporters.JUnitReportReporter -->
<testsuite hostname="LGDN14463" failures="0" tests="2" name="testCase.TC_JOOMLA_ARTICLE_006_VerifyUserCanCheckInAnArticle" time="38.079" errors="0" timestamp="06 Mar 2018 09:36:08 GMT" skipped="0">
  <testcase classname="testCase.TC_JOOMLA_ARTICLE_006_VerifyUserCanCheckInAnArticle" name="Login" time="18.068"/>
  <testcase classname="testCase.TC_JOOMLA_ARTICLE_006_VerifyUserCanCheckInAnArticle" name="Login1" time="20.011"/>
</testsuite> <!-- testCase.TC_JOOMLA_ARTICLE_006_VerifyUserCanCheckInAnArticle -->
