<?xml version="1.0" encoding="UTF-8"?>
<!-- Generated by org.testng.reporters.JUnitReportReporter -->
<testsuite hostname="LGDN14463" failures="0" tests="1" name="testCase.TC_JOOMLA_ARTICLE_002_VerifyUserCanEditAnArticle" time="35.078" errors="0" timestamp="06 Mar 2018 09:01:37 GMT" skipped="0">
  <testcase classname="testCase.TC_JOOMLA_ARTICLE_002_VerifyUserCanEditAnArticle" name="Login" time="35.078"/>
</testsuite> <!-- testCase.TC_JOOMLA_ARTICLE_002_VerifyUserCanEditAnArticle -->
