<?xml version="1.0" encoding="UTF-8"?>
<!-- Generated by org.testng.reporters.JUnitReportReporter -->
<testsuite hostname="LGDN14463" failures="0" tests="1" name="testCase.TC_JOOMLA_ARTICLE_005_VerifyUserCanMoveAnArticleToTheArchive" time="30.763" errors="0" timestamp="06 Mar 2018 10:09:32 GMT" skipped="0">
  <testcase classname="testCase.TC_JOOMLA_ARTICLE_005_VerifyUserCanMoveAnArticleToTheArchive" name="Login" time="30.763"/>
</testsuite> <!-- testCase.TC_JOOMLA_ARTICLE_005_VerifyUserCanMoveAnArticleToTheArchive -->
