<?xml version="1.0" encoding="UTF-8"?>
<!-- Generated by org.testng.reporters.JUnitReportReporter -->
<testsuite hostname="LGDN14463" failures="0" tests="1" name="testCase.TC_JOOMLA_BANNERS_016_VerifyThatUserCanSortItemsDisplayedInBannerTableByID" time="23.634" errors="0" timestamp="07 Mar 2018 03:42:32 GMT" skipped="0">
  <testcase classname="testCase.TC_JOOMLA_BANNERS_016_VerifyThatUserCanSortItemsDisplayedInBannerTableByID" name="Login" time="23.634"/>
</testsuite> <!-- testCase.TC_JOOMLA_BANNERS_016_VerifyThatUserCanSortItemsDisplayedInBannerTableByID -->
