<?xml version="1.0" encoding="UTF-8"?>
<!-- Generated by org.testng.reporters.JUnitReportReporter -->
<testsuite hostname="LGDN14463" failures="0" tests="1" name="testCase.TC_JOOMLA_BANNERS_017_VerifyThatUserCanAccessBannerClientsPageWhileBrowsingBannerPage" time="13.858" errors="0" timestamp="27 Feb 2018 09:57:25 GMT" skipped="0">
  <testcase classname="testCase.TC_JOOMLA_BANNERS_017_VerifyThatUserCanAccessBannerClientsPageWhileBrowsingBannerPage" name="Login" time="13.858"/>
</testsuite> <!-- testCase.TC_JOOMLA_BANNERS_017_VerifyThatUserCanAccessBannerClientsPageWhileBrowsingBannerPage -->
