<?xml version="1.0" encoding="UTF-8"?>
<!-- Generated by org.testng.reporters.JUnitReportReporter -->
<testsuite hostname="LGDN14463" failures="0" tests="1" name="testCase.TC_JOOMLA_BANNERS_BANNERS_001_VerifyThatUserCanCreateNewBanner" time="32.869" errors="0" timestamp="09 Feb 2018 09:19:10 GMT" skipped="0">
  <testcase classname="testCase.TC_JOOMLA_BANNERS_BANNERS_001_VerifyThatUserCanCreateNewBanner" name="Login" time="32.869"/>
</testsuite> <!-- testCase.TC_JOOMLA_BANNERS_BANNERS_001_VerifyThatUserCanCreateNewBanner -->
