<?xml version="1.0" encoding="UTF-8"?>
<!-- Generated by org.testng.reporters.JUnitReportReporter -->
<testsuite hostname="LGDN14463" failures="0" tests="2" name="testCase.TC_JOOMLA_ARTICLE_006_VerifyUserCanCheckInAnArticle" time="60.487" errors="0" timestamp="08 Mar 2018 02:00:15 GMT" skipped="0">
  <testcase classname="testCase.TC_JOOMLA_ARTICLE_006_VerifyUserCanCheckInAnArticle" name="Login" time="30.332"/>
  <testcase classname="testCase.TC_JOOMLA_ARTICLE_006_VerifyUserCanCheckInAnArticle" name="Login1" time="30.155"/>
</testsuite> <!-- testCase.TC_JOOMLA_ARTICLE_006_VerifyUserCanCheckInAnArticle -->
