<?xml version="1.0" encoding="UTF-8"?>
<!-- Generated by org.testng.reporters.JUnitReportReporter -->
<testsuite hostname="LGDN14463" failures="0" tests="1" name="testCase.TC_JOOMLA_BANNERS_009_VerifyThatUserCanSearchABannerByUsingFilterDropdownLists" time="42.374" errors="0" timestamp="28 Feb 2018 03:03:35 GMT" skipped="0">
  <testcase classname="testCase.TC_JOOMLA_BANNERS_009_VerifyThatUserCanSearchABannerByUsingFilterDropdownLists" name="Login" time="42.374"/>
</testsuite> <!-- testCase.TC_JOOMLA_BANNERS_009_VerifyThatUserCanSearchABannerByUsingFilterDropdownLists -->
