<?xml version="1.0" encoding="UTF-8"?>
<!-- Generated by org.testng.reporters.JUnitReportReporter -->
<testsuite hostname="LGDN14463" failures="0" tests="1" name="testCase.TC_JOOMLA_BANNERS_014_VerifyThatUserCannotCreateANewBannerWithoutEnteringTheNameOfTheBanner" time="32.855" errors="0" timestamp="07 Mar 2018 02:48:00 GMT" skipped="0">
  <testcase classname="testCase.TC_JOOMLA_BANNERS_014_VerifyThatUserCannotCreateANewBannerWithoutEnteringTheNameOfTheBanner" name="Login" time="32.855"/>
</testsuite> <!-- testCase.TC_JOOMLA_BANNERS_014_VerifyThatUserCannotCreateANewBannerWithoutEnteringTheNameOfTheBanner -->
