<?xml version="1.0" encoding="UTF-8"?>
<!-- Generated by org.testng.reporters.JUnitReportReporter -->
<testsuite hostname="LGDN14463" failures="0" tests="1" name="testCase.TC_JOOMLA_BANNERS_008_VerifyThatUserCanSearchABannerByUsingFilterTextbox" time="33.743" errors="0" timestamp="26 Feb 2018 09:02:39 GMT" skipped="0">
  <testcase classname="testCase.TC_JOOMLA_BANNERS_008_VerifyThatUserCanSearchABannerByUsingFilterTextbox" name="Login" time="33.743"/>
</testsuite> <!-- testCase.TC_JOOMLA_BANNERS_008_VerifyThatUserCanSearchABannerByUsingFilterTextbox -->
