<?xml version="1.0" encoding="UTF-8"?>
<!-- Generated by org.testng.reporters.JUnitReportReporter -->
<testsuite hostname="LGDN14463" failures="0" tests="1" name="testCase.TC_JOOMLA_BANNERS_013_VerifyThatUserCanCreateANewBannerByUsingSaveAsCopyButton" time="42.553" errors="0" timestamp="27 Feb 2018 07:19:58 GMT" skipped="0">
  <testcase classname="testCase.TC_JOOMLA_BANNERS_013_VerifyThatUserCanCreateANewBannerByUsingSaveAsCopyButton" name="Login" time="42.553"/>
</testsuite> <!-- testCase.TC_JOOMLA_BANNERS_013_VerifyThatUserCanCreateANewBannerByUsingSaveAsCopyButton -->
