<?xml version="1.0" encoding="UTF-8"?>
<!-- Generated by org.testng.reporters.JUnitReportReporter -->
<testsuite hostname="LGDN14463" failures="0" tests="1" name="testCase.TO_JOOMLA_ARTICLE_004_UserCanUnpublishAPublishedArticle" time="37.531" errors="0" timestamp="01 Feb 2018 02:37:15 GMT" skipped="0">
  <testcase classname="testCase.TO_JOOMLA_ARTICLE_004_UserCanUnpublishAPublishedArticle" name="Login" time="37.531"/>
</testsuite> <!-- testCase.TO_JOOMLA_ARTICLE_004_UserCanUnpublishAPublishedArticle -->
