<?xml version="1.0" encoding="UTF-8"?>
<!-- Generated by org.testng.reporters.JUnitReportReporter -->
<testsuite hostname="LGDN14463" failures="0" tests="1" name="testCase.TO_JOOMLA_BANNERS_012_VerifyThatUserCanBrowseNewBannerHelpPageInNewBannerPage" time="13.372" errors="0" timestamp="27 Feb 2018 04:06:47 GMT" skipped="0">
  <testcase classname="testCase.TO_JOOMLA_BANNERS_012_VerifyThatUserCanBrowseNewBannerHelpPageInNewBannerPage" name="Login" time="13.372"/>
</testsuite> <!-- testCase.TO_JOOMLA_BANNERS_012_VerifyThatUserCanBrowseNewBannerHelpPageInNewBannerPage -->
