<?xml version="1.0" encoding="UTF-8"?>
<!-- Generated by org.testng.reporters.JUnitReportReporter -->
<testsuite hostname="LGDN14463" failures="0" tests="1" name="testCase.TC_JOOMLA_ARTICLE_004_VerifyUserCanUnpublishAPublishedArticle" time="22.452" errors="0" timestamp="06 Mar 2018 09:06:56 GMT" skipped="0">
  <testcase classname="testCase.TC_JOOMLA_ARTICLE_004_VerifyUserCanUnpublishAPublishedArticle" name="Login" time="22.452"/>
</testsuite> <!-- testCase.TC_JOOMLA_ARTICLE_004_VerifyUserCanUnpublishAPublishedArticle -->
