<?xml version="1.0" encoding="UTF-8"?>
<!-- Generated by org.testng.reporters.JUnitReportReporter -->
<testsuite hostname="LGDN14463" failures="0" tests="1" name="testCase.TC_JOOMLA_ARTICLE_008_VerifyUserCanAccessArticleHelpSection" time="20.313" errors="0" timestamp="06 Mar 2018 09:38:16 GMT" skipped="0">
  <testcase classname="testCase.TC_JOOMLA_ARTICLE_008_VerifyUserCanAccessArticleHelpSection" name="Login" time="20.313"/>
</testsuite> <!-- testCase.TC_JOOMLA_ARTICLE_008_VerifyUserCanAccessArticleHelpSection -->
