<?xml version="1.0" encoding="UTF-8"?>
<!-- Generated by org.testng.reporters.JUnitReportReporter -->
<testsuite hostname="LGDN14463" failures="0" tests="1" name="testCase.TestListeners" time="0.017" errors="0" timestamp="26 Jan 2018 03:31:39 GMT" skipped="0">
  <testcase classname="testCase.TestListeners" name="main" time="0.017"/>
</testsuite> <!-- testCase.TestListeners -->
