<?xml version="1.0" encoding="UTF-8"?>
<!-- Generated by org.testng.reporters.JUnitReportReporter -->
<testsuite hostname="LGDN14463" failures="0" tests="1" name="testCase.TC_JOOMLA_ARTICLE_015_VerifyUserCanChangeTheStatusOfArticlesUsingTheStatusColumn" time="25.182" errors="0" timestamp="08 Feb 2018 08:34:30 GMT" skipped="0">
  <testcase classname="testCase.TC_JOOMLA_ARTICLE_015_VerifyUserCanChangeTheStatusOfArticlesUsingTheStatusColumn" name="Login" time="25.182"/>
</testsuite> <!-- testCase.TC_JOOMLA_ARTICLE_015_VerifyUserCanChangeTheStatusOfArticlesUsingTheStatusColumn -->
