<?xml version="1.0" encoding="UTF-8"?>
<!-- Generated by org.testng.reporters.JUnitReportReporter -->
<testsuite hostname="LGDN14463" failures="0" tests="1" name="testCase.TC_JOOMLA_ARTICLE_017_VerifyUserCanCreateANewArticleWithPublicAccessLevelProperty" time="23.344" errors="0" timestamp="09 Feb 2018 06:12:11 GMT" skipped="0">
  <testcase classname="testCase.TC_JOOMLA_ARTICLE_017_VerifyUserCanCreateANewArticleWithPublicAccessLevelProperty" name="Login" time="23.344"/>
</testsuite> <!-- testCase.TC_JOOMLA_ARTICLE_017_VerifyUserCanCreateANewArticleWithPublicAccessLevelProperty -->
