<?xml version="1.0" encoding="UTF-8"?>
<!-- Generated by org.testng.reporters.JUnitReportReporter -->
<testsuite hostname="LGDN14463" failures="0" tests="1" name="testCase.TC_JOOMLA_BANNERS_005_VerifyThatUserCanArchiveABanner" time="35.813" errors="0" timestamp="26 Feb 2018 07:39:04 GMT" skipped="0">
  <testcase classname="testCase.TC_JOOMLA_BANNERS_005_VerifyThatUserCanArchiveABanner" name="Login" time="35.813"/>
</testsuite> <!-- testCase.TC_JOOMLA_BANNERS_005_VerifyThatUserCanArchiveABanner -->
